# JRE version: Java(TM) SE Runtime Environment (8.0_65-b17) (build 1.8.0_65-b17)
# Java VM: Java HotSpot(TM) 64-Bit Server VM (25.65-b01 mixed mode windows-amd64 compressed oops)
Heap:
 PSYoungGen      total 240640K, used 99786K [0x00000000eab00000, 0x00000000fb400000, 0x0000000100000000)
  eden space 234496K, 42% used [0x00000000eab00000,0x00000000f0c72b08,0x00000000f9000000)
  from space 6144K, 0% used [0x00000000f9980000,0x00000000f9980000,0x00000000f9f80000)
  to   space 18432K, 0% used [0x00000000fa200000,0x00000000fa200000,0x00000000fb400000)
 ParOldGen       total 102400K, used 42011K [0x00000000c0000000, 0x00000000c6400000, 0x00000000eab00000)
  object space 102400K, 41% used [0x00000000c0000000,0x00000000c2906ec8,0x00000000c6400000)
 Metaspace       used 58932K, capacity 62670K, committed 64256K, reserved 1105920K
  class space    used 7623K, capacity 8239K, committed 8704K, reserved 1048576K
GC Heap History (10 events):
Event: 1535.704 GC heap before
{Heap before GC invocations=30 (full 8):
 PSYoungGen      total 242176K, used 1567K [0x00000000eab00000, 0x00000000fbf00000, 0x0000000100000000)
  eden space 240128K, 0% used [0x00000000eab00000,0x00000000eab00000,0x00000000f9580000)
  from space 2048K, 76% used [0x00000000fbd00000,0x00000000fbe87c70,0x00000000fbf00000)
  to   space 19456K, 0% used [0x00000000f9900000,0x00000000f9900000,0x00000000fac00000)
 ParOldGen       total 102400K, used 42997K [0x00000000c0000000, 0x00000000c6400000, 0x00000000eab00000)
  object space 102400K, 41% used [0x00000000c0000000,0x00000000c29fd4f0,0x00000000c6400000)
 Metaspace       used 58129K, capacity 61390K, committed 63232K, reserved 1103872K
  class space    used 7561K, capacity 8124K, committed 8704K, reserved 1048576K
Event: 1536.228 GC heap after
Heap after GC invocations=30 (full 8):
 PSYoungGen      total 242176K, used 0K [0x00000000eab00000, 0x00000000fbf00000, 0x0000000100000000)
  eden space 240128K, 0% used [0x00000000eab00000,0x00000000eab00000,0x00000000f9580000)
  from space 2048K, 0% used [0x00000000fbd00000,0x00000000fbd00000,0x00000000fbf00000)
  to   space 19456K, 0% used [0x00000000f9900000,0x00000000f9900000,0x00000000fac00000)
 ParOldGen       total 102400K, used 41457K [0x00000000c0000000, 0x00000000c6400000, 0x00000000eab00000)
  object space 102400K, 40% used [0x00000000c0000000,0x00000000c287c540,0x00000000c6400000)
 Metaspace       used 58036K, capacity 61252K, committed 63232K, reserved 1103872K
  class space    used 7541K, capacity 8095K, committed 8704K, reserved 1048576K
}
Event: 1649.362 GC heap before
{Heap before GC invocations=31 (full 8):
 PSYoungGen      total 242176K, used 240128K [0x00000000eab00000, 0x00000000fbf00000, 0x0000000100000000)
  eden space 240128K, 100% used [0x00000000eab00000,0x00000000f9580000,0x00000000f9580000)
  from space 2048K, 0% used [0x00000000fbd00000,0x00000000fbd00000,0x00000000fbf00000)
  to   space 19456K, 0% used [0x00000000f9900000,0x00000000f9900000,0x00000000fac00000)
 ParOldGen       total 102400K, used 41457K [0x00000000c0000000, 0x00000000c6400000, 0x00000000eab00000)
  object space 102400K, 40% used [0x00000000c0000000,0x00000000c287c540,0x00000000c6400000)
 Metaspace       used 58494K, capacity 61966K, committed 63488K, reserved 1103872K
  class space    used 7620K, capacity 8213K, committed 8704K, reserved 1048576K
Event: 1649.367 GC heap after
Heap after GC invocations=31 (full 8):
 PSYoungGen      total 263168K, used 3383K [0x00000000eab00000, 0x00000000fc600000, 0x0000000100000000)
  eden space 243712K, 0% used [0x00000000eab00000,0x00000000eab00000,0x00000000f9900000)
  from space 19456K, 17% used [0x00000000f9900000,0x00000000f9c4de40,0x00000000fac00000)
  to   space 18944K, 0% used [0x00000000fb380000,0x00000000fb380000,0x00000000fc600000)
 ParOldGen       total 102400K, used 41465K [0x00000000c0000000, 0x00000000c6400000, 0x00000000eab00000)
  object space 102400K, 40% used [0x00000000c0000000,0x00000000c287e540,0x00000000c6400000)
 Metaspace       used 58494K, capacity 61966K, committed 63488K, reserved 1103872K
  class space    used 7620K, capacity 8213K, committed 8704K, reserved 1048576K
}
Event: 11287.451 GC heap before
{Heap before GC invocations=32 (full 8):
 PSYoungGen      total 263168K, used 247095K [0x00000000eab00000, 0x00000000fc600000, 0x0000000100000000)
  eden space 243712K, 100% used [0x00000000eab00000,0x00000000f9900000,0x00000000f9900000)
  from space 19456K, 17% used [0x00000000f9900000,0x00000000f9c4de40,0x00000000fac00000)
  to   space 18944K, 0% used [0x00000000fb380000,0x00000000fb380000,0x00000000fc600000)
 ParOldGen       total 102400K, used 41465K [0x00000000c0000000, 0x00000000c6400000, 0x00000000eab00000)
  object space 102400K, 40% used [0x00000000c0000000,0x00000000c287e540,0x00000000c6400000)
 Metaspace       used 59634K, capacity 63736K, committed 64000K, reserved 1103872K
  class space    used 7821K, capacity 8582K, committed 8704K, reserved 1048576K
Event: 11287.467 GC heap after
Heap after GC invocations=32 (full 8):
 PSYoungGen      total 245760K, used 10811K [0x00000000eab00000, 0x00000000fbe80000, 0x0000000100000000)
  eden space 234496K, 0% used [0x00000000eab00000,0x00000000eab00000,0x00000000f9000000)
  from space 11264K, 95% used [0x00000000fb380000,0x00000000fbe0ee80,0x00000000fbe80000)
  to   space 18944K, 0% used [0x00000000f9980000,0x00000000f9980000,0x00000000fac00000)
 ParOldGen       total 102400K, used 41473K [0x00000000c0000000, 0x00000000c6400000, 0x00000000eab00000)
  object space 102400K, 40% used [0x00000000c0000000,0x00000000c2880540,0x00000000c6400000)
 Metaspace       used 59634K, capacity 63736K, committed 64000K, reserved 1103872K
  class space    used 7821K, capacity 8582K, committed 8704K, reserved 1048576K
}
Event: 11292.315 GC heap before
{Heap before GC invocations=33 (full 8):
 PSYoungGen      total 245760K, used 113308K [0x00000000eab00000, 0x00000000fbe80000, 0x0000000100000000)
  eden space 234496K, 43% used [0x00000000eab00000,0x00000000f0f182f0,0x00000000f9000000)
  from space 11264K, 95% used [0x00000000fb380000,0x00000000fbe0ee80,0x00000000fbe80000)
  to   space 18944K, 0% used [0x00000000f9980000,0x00000000f9980000,0x00000000fac00000)
 ParOldGen       total 102400K, used 41473K [0x00000000c0000000, 0x00000000c6400000, 0x00000000eab00000)
  object space 102400K, 40% used [0x00000000c0000000,0x00000000c2880540,0x00000000c6400000)
 Metaspace       used 59807K, capacity 63918K, committed 64256K, reserved 1105920K
  class space    used 7831K, capacity 8591K, committed 8704K, reserved 1048576K
Event: 11292.332 GC heap after
Heap after GC invocations=33 (full 8):
 PSYoungGen      total 240640K, used 5939K [0x00000000eab00000, 0x00000000fb400000, 0x0000000100000000)
  eden space 234496K, 0% used [0x00000000eab00000,0x00000000eab00000,0x00000000f9000000)
  from space 6144K, 96% used [0x00000000f9980000,0x00000000f9f4cc80,0x00000000f9f80000)
  to   space 18432K, 0% used [0x00000000fa200000,0x00000000fa200000,0x00000000fb400000)
 ParOldGen       total 102400K, used 41481K [0x00000000c0000000, 0x00000000c6400000, 0x00000000eab00000)
  object space 102400K, 40% used [0x00000000c0000000,0x00000000c2882540,0x00000000c6400000)
 Metaspace       used 59807K, capacity 63918K, committed 64256K, reserved 1105920K
  class space    used 7831K, capacity 8591K, committed 8704K, reserved 1048576K
}
Event: 11292.332 GC heap before
{Heap before GC invocations=34 (full 9):
 PSYoungGen      total 240640K, used 5939K [0x00000000eab00000, 0x00000000fb400000, 0x0000000100000000)
  eden space 234496K, 0% used [0x00000000eab00000,0x00000000eab00000,0x00000000f9000000)
  from space 6144K, 96% used [0x00000000f9980000,0x00000000f9f4cc80,0x00000000f9f80000)
  to   space 18432K, 0% used [0x00000000fa200000,0x00000000fa200000,0x00000000fb400000)
 ParOldGen       total 102400K, used 41481K [0x00000000c0000000, 0x00000000c6400000, 0x00000000eab00000)
  object space 102400K, 40% used [0x00000000c0000000,0x00000000c2882540,0x00000000c6400000)
 Metaspace       used 59807K, capacity 63918K, committed 64256K, reserved 1105920K
  class space    used 7831K, capacity 8591K, committed 8704K, reserved 1048576K
Event: 11292.890 GC heap after
Heap after GC invocations=34 (full 9):
 PSYoungGen      total 240640K, used 0K [0x00000000eab00000, 0x00000000fb400000, 0x0000000100000000)
  eden space 234496K, 0% used [0x00000000eab00000,0x00000000eab00000,0x00000000f9000000)
  from space 6144K, 0% used [0x00000000f9980000,0x00000000f9980000,0x00000000f9f80000)
  to   space 18432K, 0% used [0x00000000fa200000,0x00000000fa200000,0x00000000fb400000)
 ParOldGen       total 102400K, used 42011K [0x00000000c0000000, 0x00000000c6400000, 0x00000000eab00000)
  object space 102400K, 41% used [0x00000000c0000000,0x00000000c2906ec8,0x00000000c6400000)
 Metaspace       used 58631K, capacity 62212K, committed 64256K, reserved 1105920K
  class space    used 7589K, capacity 8189K, committed 8704K, reserved 1048576K
}

