# JRE version: Java(TM) SE Runtime Environment (8.0_65-b17) (build 1.8.0_65-b17)
# Java VM: Java HotSpot(TM) 64-Bit Server VM (25.65-b01 mixed mode windows-amd64 compressed oops)
Heap:
 PSYoungGen      total 300032K, used 194864K [0x00000000eab00000, 0x00000000fef80000, 0x0000000100000000)
  eden space 295424K, 64% used [0x00000000eab00000,0x00000000f653c2d0,0x00000000fcb80000)
  from space 4608K, 90% used [0x00000000fd800000,0x00000000fdc10000,0x00000000fdc80000)
  to   space 18432K, 0% used [0x00000000fdd80000,0x00000000fdd80000,0x00000000fef80000)
 ParOldGen       total 80896K, used 47717K [0x00000000c0000000, 0x00000000c4f00000, 0x00000000eab00000)
  object space 80896K, 58% used [0x00000000c0000000,0x00000000c2e99500,0x00000000c4f00000)
 Metaspace       used 62184K, capacity 66600K, committed 67200K, reserved 1107968K
  class space    used 8172K, capacity 8893K, committed 9088K, reserved 1048576K
GC Heap History (10 events):
Event: 964.040 GC heap before
{Heap before GC invocations=34 (full 8):
 PSYoungGen      total 322560K, used 1072K [0x00000000eab00000, 0x00000000ffa00000, 0x0000000100000000)
  eden space 302080K, 0% used [0x00000000eab00000,0x00000000eab00000,0x00000000fd200000)
  from space 20480K, 5% used [0x00000000fe600000,0x00000000fe70c030,0x00000000ffa00000)
  to   space 20480K, 0% used [0x00000000fd200000,0x00000000fd200000,0x00000000fe600000)
 ParOldGen       total 80896K, used 59805K [0x00000000c0000000, 0x00000000c4f00000, 0x00000000eab00000)
  object space 80896K, 73% used [0x00000000c0000000,0x00000000c3a67560,0x00000000c4f00000)
 Metaspace       used 59191K, capacity 63082K, committed 63104K, reserved 1103872K
  class space    used 7842K, capacity 8570K, committed 8576K, reserved 1048576K
Event: 964.207 GC heap after
Heap after GC invocations=34 (full 8):
 PSYoungGen      total 322560K, used 0K [0x00000000eab00000, 0x00000000ffa00000, 0x0000000100000000)
  eden space 302080K, 0% used [0x00000000eab00000,0x00000000eab00000,0x00000000fd200000)
  from space 20480K, 0% used [0x00000000fe600000,0x00000000fe600000,0x00000000ffa00000)
  to   space 20480K, 0% used [0x00000000fd200000,0x00000000fd200000,0x00000000fe600000)
 ParOldGen       total 80896K, used 59897K [0x00000000c0000000, 0x00000000c4f00000, 0x00000000eab00000)
  object space 80896K, 74% used [0x00000000c0000000,0x00000000c3a7e560,0x00000000c4f00000)
 Metaspace       used 59172K, capacity 63060K, committed 63104K, reserved 1103872K
  class space    used 7836K, capacity 8564K, committed 8576K, reserved 1048576K
}
Event: 1315.960 GC heap before
{Heap before GC invocations=35 (full 8):
 PSYoungGen      total 322560K, used 302080K [0x00000000eab00000, 0x00000000ffa00000, 0x0000000100000000)
  eden space 302080K, 100% used [0x00000000eab00000,0x00000000fd200000,0x00000000fd200000)
  from space 20480K, 0% used [0x00000000fe600000,0x00000000fe600000,0x00000000ffa00000)
  to   space 20480K, 0% used [0x00000000fd200000,0x00000000fd200000,0x00000000fe600000)
 ParOldGen       total 80896K, used 59897K [0x00000000c0000000, 0x00000000c4f00000, 0x00000000eab00000)
  object space 80896K, 74% used [0x00000000c0000000,0x00000000c3a7e560,0x00000000c4f00000)
 Metaspace       used 59735K, capacity 63844K, committed 64000K, reserved 1103872K
  class space    used 7894K, capacity 8631K, committed 8704K, reserved 1048576K
Event: 1315.968 GC heap after
Heap after GC invocations=35 (full 8):
 PSYoungGen      total 322560K, used 3751K [0x00000000eab00000, 0x00000000fff00000, 0x0000000100000000)
  eden space 302080K, 0% used [0x00000000eab00000,0x00000000eab00000,0x00000000fd200000)
  from space 20480K, 18% used [0x00000000fd200000,0x00000000fd5a9e50,0x00000000fe600000)
  to   space 19968K, 0% used [0x00000000feb80000,0x00000000feb80000,0x00000000fff00000)
 ParOldGen       total 80896K, used 59905K [0x00000000c0000000, 0x00000000c4f00000, 0x00000000eab00000)
  object space 80896K, 74% used [0x00000000c0000000,0x00000000c3a80560,0x00000000c4f00000)
 Metaspace       used 59735K, capacity 63844K, committed 64000K, reserved 1103872K
  class space    used 7894K, capacity 8631K, committed 8704K, reserved 1048576K
}
Event: 1316.657 GC heap before
{Heap before GC invocations=36 (full 8):
 PSYoungGen      total 322560K, used 68521K [0x00000000eab00000, 0x00000000fff00000, 0x0000000100000000)
  eden space 302080K, 21% used [0x00000000eab00000,0x00000000eea408a8,0x00000000fd200000)
  from space 20480K, 18% used [0x00000000fd200000,0x00000000fd5a9e50,0x00000000fe600000)
  to   space 19968K, 0% used [0x00000000feb80000,0x00000000feb80000,0x00000000fff00000)
 ParOldGen       total 80896K, used 59905K [0x00000000c0000000, 0x00000000c4f00000, 0x00000000eab00000)
  object space 80896K, 74% used [0x00000000c0000000,0x00000000c3a80560,0x00000000c4f00000)
 Metaspace       used 60181K, capacity 64510K, committed 64640K, reserved 1105920K
  class space    used 7965K, capacity 8740K, committed 8832K, reserved 1048576K
Event: 1316.671 GC heap after
Heap after GC invocations=36 (full 8):
 PSYoungGen      total 327168K, used 4844K [0x00000000eab00000, 0x00000000ffe00000, 0x0000000100000000)
  eden space 308224K, 0% used [0x00000000eab00000,0x00000000eab00000,0x00000000fd800000)
  from space 18944K, 25% used [0x00000000feb80000,0x00000000ff03b070,0x00000000ffe00000)
  to   space 19456K, 0% used [0x00000000fd800000,0x00000000fd800000,0x00000000feb00000)
 ParOldGen       total 80896K, used 59913K [0x00000000c0000000, 0x00000000c4f00000, 0x00000000eab00000)
  object space 80896K, 74% used [0x00000000c0000000,0x00000000c3a82560,0x00000000c4f00000)
 Metaspace       used 60181K, capacity 64510K, committed 64640K, reserved 1105920K
  class space    used 7965K, capacity 8740K, committed 8832K, reserved 1048576K
}
Event: 1316.671 GC heap before
{Heap before GC invocations=37 (full 9):
 PSYoungGen      total 327168K, used 4844K [0x00000000eab00000, 0x00000000ffe00000, 0x0000000100000000)
  eden space 308224K, 0% used [0x00000000eab00000,0x00000000eab00000,0x00000000fd800000)
  from space 18944K, 25% used [0x00000000feb80000,0x00000000ff03b070,0x00000000ffe00000)
  to   space 19456K, 0% used [0x00000000fd800000,0x00000000fd800000,0x00000000feb00000)
 ParOldGen       total 80896K, used 59913K [0x00000000c0000000, 0x00000000c4f00000, 0x00000000eab00000)
  object space 80896K, 74% used [0x00000000c0000000,0x00000000c3a82560,0x00000000c4f00000)
 Metaspace       used 60181K, capacity 64510K, committed 64640K, reserved 1105920K
  class space    used 7965K, capacity 8740K, committed 8832K, reserved 1048576K
Event: 1317.201 GC heap after
Heap after GC invocations=37 (full 9):
 PSYoungGen      total 327168K, used 0K [0x00000000eab00000, 0x00000000ffe00000, 0x0000000100000000)
  eden space 308224K, 0% used [0x00000000eab00000,0x00000000eab00000,0x00000000fd800000)
  from space 18944K, 0% used [0x00000000feb80000,0x00000000feb80000,0x00000000ffe00000)
  to   space 19456K, 0% used [0x00000000fd800000,0x00000000fd800000,0x00000000feb00000)
 ParOldGen       total 80896K, used 47709K [0x00000000c0000000, 0x00000000c4f00000, 0x00000000eab00000)
  object space 80896K, 58% used [0x00000000c0000000,0x00000000c2e97500,0x00000000c4f00000)
 Metaspace       used 59282K, capacity 63266K, committed 64640K, reserved 1105920K
  class space    used 7793K, capacity 8468K, committed 8832K, reserved 1048576K
}
Event: 1705.117 GC heap before
{Heap before GC invocations=38 (full 9):
 PSYoungGen      total 327168K, used 308224K [0x00000000eab00000, 0x00000000ffe00000, 0x0000000100000000)
  eden space 308224K, 100% used [0x00000000eab00000,0x00000000fd800000,0x00000000fd800000)
  from space 18944K, 0% used [0x00000000feb80000,0x00000000feb80000,0x00000000ffe00000)
  to   space 19456K, 0% used [0x00000000fd800000,0x00000000fd800000,0x00000000feb00000)
 ParOldGen       total 80896K, used 47709K [0x00000000c0000000, 0x00000000c4f00000, 0x00000000eab00000)
  object space 80896K, 58% used [0x00000000c0000000,0x00000000c2e97500,0x00000000c4f00000)
 Metaspace       used 59498K, capacity 63596K, committed 64640K, reserved 1105920K
  class space    used 7810K, capacity 8486K, committed 8832K, reserved 1048576K
Event: 1705.134 GC heap after
Heap after GC invocations=38 (full 9):
 PSYoungGen      total 300032K, used 4160K [0x00000000eab00000, 0x00000000fef80000, 0x0000000100000000)
  eden space 295424K, 0% used [0x00000000eab00000,0x00000000eab00000,0x00000000fcb80000)
  from space 4608K, 90% used [0x00000000fd800000,0x00000000fdc10000,0x00000000fdc80000)
  to   space 18432K, 0% used [0x00000000fdd80000,0x00000000fdd80000,0x00000000fef80000)
 ParOldGen       total 80896K, used 47717K [0x00000000c0000000, 0x00000000c4f00000, 0x00000000eab00000)
  object space 80896K, 58% used [0x00000000c0000000,0x00000000c2e99500,0x00000000c4f00000)
 Metaspace       used 59498K, capacity 63596K, committed 64640K, reserved 1105920K
  class space    used 7810K, capacity 8486K, committed 8832K, reserved 1048576K
}

