# JRE version: OpenJDK Runtime Environment (8.0_111-b14) (build 1.8.0_111-8u111-b14-2ubuntu0.16.04.2-b14)
# Java VM: OpenJDK 64-Bit Server VM (25.111-b14 mixed mode linux-amd64 compressed oops)
Heap:
 PSYoungGen      total 252928K, used 218702K [0x00000000eab00000, 0x00000000fd880000, 0x0000000100000000)
  eden space 233472K, 91% used [0x00000000eab00000,0x00000000f7c8bb68,0x00000000f8f00000)
  from space 19456K, 21% used [0x00000000fa180000,0x00000000fa588030,0x00000000fb480000)
  to   space 18944K, 0% used [0x00000000f8f00000,0x00000000f8f00000,0x00000000fa180000)
 ParOldGen       total 141312K, used 37004K [0x00000000c0000000, 0x00000000c8a00000, 0x00000000eab00000)
  object space 141312K, 26% used [0x00000000c0000000,0x00000000c24233f0,0x00000000c8a00000)
 Metaspace       used 72204K, capacity 75081K, committed 75264K, reserved 1114112K
  class space    used 9601K, capacity 10383K, committed 10496K, reserved 1048576K
GC Heap History (10 events):
Event: 14.526 GC heap before
{Heap before GC invocations=14 (full 3):
 PSYoungGen      total 214016K, used 4427K [0x00000000eab00000, 0x00000000fbc00000, 0x0000000100000000)
  eden space 194048K, 0% used [0x00000000eab00000,0x00000000eab00000,0x00000000f6880000)
  from space 19968K, 22% used [0x00000000f6880000,0x00000000f6cd2e60,0x00000000f7c00000)
  to   space 19968K, 0% used [0x00000000fa880000,0x00000000fa880000,0x00000000fbc00000)
 ParOldGen       total 90112K, used 46016K [0x00000000c0000000, 0x00000000c5800000, 0x00000000eab00000)
  object space 90112K, 51% used [0x00000000c0000000,0x00000000c2cf01c8,0x00000000c5800000)
 Metaspace       used 57527K, capacity 59091K, committed 59160K, reserved 1099776K
  class space    used 7691K, capacity 8064K, committed 8064K, reserved 1048576K
Event: 14.771 GC heap after
Heap after GC invocations=14 (full 3):
 PSYoungGen      total 214016K, used 0K [0x00000000eab00000, 0x00000000fbc00000, 0x0000000100000000)
  eden space 194048K, 0% used [0x00000000eab00000,0x00000000eab00000,0x00000000f6880000)
  from space 19968K, 0% used [0x00000000f6880000,0x00000000f6880000,0x00000000f7c00000)
  to   space 19968K, 0% used [0x00000000fa880000,0x00000000fa880000,0x00000000fbc00000)
 ParOldGen       total 141312K, used 38174K [0x00000000c0000000, 0x00000000c8a00000, 0x00000000eab00000)
  object space 141312K, 27% used [0x00000000c0000000,0x00000000c2547a00,0x00000000c8a00000)
 Metaspace       used 57520K, capacity 59071K, committed 59160K, reserved 1099776K
  class space    used 7689K, capacity 8060K, committed 8064K, reserved 1048576K
}
Event: 19.733 GC heap before
{Heap before GC invocations=15 (full 3):
 PSYoungGen      total 214016K, used 193130K [0x00000000eab00000, 0x00000000fbc00000, 0x0000000100000000)
  eden space 194048K, 99% used [0x00000000eab00000,0x00000000f679aa70,0x00000000f6880000)
  from space 19968K, 0% used [0x00000000f6880000,0x00000000f6880000,0x00000000f7c00000)
  to   space 19968K, 0% used [0x00000000fa880000,0x00000000fa880000,0x00000000fbc00000)
 ParOldGen       total 141312K, used 38174K [0x00000000c0000000, 0x00000000c8a00000, 0x00000000eab00000)
  object space 141312K, 27% used [0x00000000c0000000,0x00000000c2547a00,0x00000000c8a00000)
 Metaspace       used 60338K, capacity 62069K, committed 62336K, reserved 1103872K
  class space    used 8055K, capacity 8454K, committed 8576K, reserved 1048576K
Event: 19.742 GC heap after
Heap after GC invocations=15 (full 3):
 PSYoungGen      total 244224K, used 10292K [0x00000000eab00000, 0x00000000fb380000, 0x0000000100000000)
  eden space 232960K, 0% used [0x00000000eab00000,0x00000000eab00000,0x00000000f8e80000)
  from space 11264K, 91% used [0x00000000fa880000,0x00000000fb28d280,0x00000000fb380000)
  to   space 18944K, 0% used [0x00000000f8e80000,0x00000000f8e80000,0x00000000fa100000)
 ParOldGen       total 141312K, used 38182K [0x00000000c0000000, 0x00000000c8a00000, 0x00000000eab00000)
  object space 141312K, 27% used [0x00000000c0000000,0x00000000c2549a00,0x00000000c8a00000)
 Metaspace       used 60338K, capacity 62069K, committed 62336K, reserved 1103872K
  class space    used 8055K, capacity 8454K, committed 8576K, reserved 1048576K
}
Event: 19.987 GC heap before
{Heap before GC invocations=16 (full 3):
 PSYoungGen      total 244224K, used 160336K [0x00000000eab00000, 0x00000000fb380000, 0x0000000100000000)
  eden space 232960K, 64% used [0x00000000eab00000,0x00000000f3d870a0,0x00000000f8e80000)
  from space 11264K, 91% used [0x00000000fa880000,0x00000000fb28d280,0x00000000fb380000)
  to   space 18944K, 0% used [0x00000000f8e80000,0x00000000f8e80000,0x00000000fa100000)
 ParOldGen       total 141312K, used 38182K [0x00000000c0000000, 0x00000000c8a00000, 0x00000000eab00000)
  object space 141312K, 27% used [0x00000000c0000000,0x00000000c2549a00,0x00000000c8a00000)
 Metaspace       used 61890K, capacity 63651K, committed 64000K, reserved 1103872K
  class space    used 8226K, capacity 8617K, committed 8704K, reserved 1048576K
Event: 19.993 GC heap after
Heap after GC invocations=16 (full 3):
 PSYoungGen      total 251904K, used 3173K [0x00000000eab00000, 0x00000000fb480000, 0x0000000100000000)
  eden space 232960K, 0% used [0x00000000eab00000,0x00000000eab00000,0x00000000f8e80000)
  from space 18944K, 16% used [0x00000000f8e80000,0x00000000f9199600,0x00000000fa100000)
  to   space 19456K, 0% used [0x00000000fa180000,0x00000000fa180000,0x00000000fb480000)
 ParOldGen       total 141312K, used 38190K [0x00000000c0000000, 0x00000000c8a00000, 0x00000000eab00000)
  object space 141312K, 27% used [0x00000000c0000000,0x00000000c254ba00,0x00000000c8a00000)
 Metaspace       used 61890K, capacity 63651K, committed 64000K, reserved 1103872K
  class space    used 8226K, capacity 8617K, committed 8704K, reserved 1048576K
}
Event: 19.993 GC heap before
{Heap before GC invocations=17 (full 4):
 PSYoungGen      total 251904K, used 3173K [0x00000000eab00000, 0x00000000fb480000, 0x0000000100000000)
  eden space 232960K, 0% used [0x00000000eab00000,0x00000000eab00000,0x00000000f8e80000)
  from space 18944K, 16% used [0x00000000f8e80000,0x00000000f9199600,0x00000000fa100000)
  to   space 19456K, 0% used [0x00000000fa180000,0x00000000fa180000,0x00000000fb480000)
 ParOldGen       total 141312K, used 38190K [0x00000000c0000000, 0x00000000c8a00000, 0x00000000eab00000)
  object space 141312K, 27% used [0x00000000c0000000,0x00000000c254ba00,0x00000000c8a00000)
 Metaspace       used 61890K, capacity 63651K, committed 64000K, reserved 1103872K
  class space    used 8226K, capacity 8617K, committed 8704K, reserved 1048576K
Event: 20.281 GC heap after
Heap after GC invocations=17 (full 4):
 PSYoungGen      total 251904K, used 0K [0x00000000eab00000, 0x00000000fb480000, 0x0000000100000000)
  eden space 232960K, 0% used [0x00000000eab00000,0x00000000eab00000,0x00000000f8e80000)
  from space 18944K, 0% used [0x00000000f8e80000,0x00000000f8e80000,0x00000000fa100000)
  to   space 19456K, 0% used [0x00000000fa180000,0x00000000fa180000,0x00000000fb480000)
 ParOldGen       total 141312K, used 36996K [0x00000000c0000000, 0x00000000c8a00000, 0x00000000eab00000)
  object space 141312K, 26% used [0x00000000c0000000,0x00000000c24213f0,0x00000000c8a00000)
 Metaspace       used 61880K, capacity 63623K, committed 64000K, reserved 1103872K
  class space    used 8222K, capacity 8611K, committed 8704K, reserved 1048576K
}
Event: 464.390 GC heap before
{Heap before GC invocations=18 (full 4):
 PSYoungGen      total 251904K, used 232960K [0x00000000eab00000, 0x00000000fb480000, 0x0000000100000000)
  eden space 232960K, 100% used [0x00000000eab00000,0x00000000f8e80000,0x00000000f8e80000)
  from space 18944K, 0% used [0x00000000f8e80000,0x00000000f8e80000,0x00000000fa100000)
  to   space 19456K, 0% used [0x00000000fa180000,0x00000000fa180000,0x00000000fb480000)
 ParOldGen       total 141312K, used 36996K [0x00000000c0000000, 0x00000000c8a00000, 0x00000000eab00000)
  object space 141312K, 26% used [0x00000000c0000000,0x00000000c24213f0,0x00000000c8a00000)
 Metaspace       used 63066K, capacity 65143K, committed 65408K, reserved 1105920K
  class space    used 8323K, capacity 8801K, committed 8832K, reserved 1048576K
Event: 464.408 GC heap after
Heap after GC invocations=18 (full 4):
 PSYoungGen      total 252928K, used 4128K [0x00000000eab00000, 0x00000000fd880000, 0x0000000100000000)
  eden space 233472K, 0% used [0x00000000eab00000,0x00000000eab00000,0x00000000f8f00000)
  from space 19456K, 21% used [0x00000000fa180000,0x00000000fa588030,0x00000000fb480000)
  to   space 18944K, 0% used [0x00000000f8f00000,0x00000000f8f00000,0x00000000fa180000)
 ParOldGen       total 141312K, used 37004K [0x00000000c0000000, 0x00000000c8a00000, 0x00000000eab00000)
  object space 141312K, 26% used [0x00000000c0000000,0x00000000c24233f0,0x00000000c8a00000)
 Metaspace       used 63066K, capacity 65143K, committed 65408K, reserved 1105920K
  class space    used 8323K, capacity 8801K, committed 8832K, reserved 1048576K
}

